<?xml version="1.0" encoding="UTF-8"?>
<!-- Generated by org.testng.reporters.JUnitXMLReporter -->
<testsuite hostname="DESKTOP-AJ4AGAI" name="Test runner 1" tests="6" failures="0" timestamp="3 Mar 2022 07:36:51 GMT" time="66.647" errors="0">
  <testcase name="@BeforeMethod login" time="0.0" classname="com.crm.OrganizationTests.CreateOrgTest">
    <failure type="java.lang.NullPointerException">
      <![CDATA[java.lang.NullPointerException
	at org.openqa.selenium.support.pagefactory.DefaultElementLocator.findElement(DefaultElementLocator.java:69)
	at org.openqa.selenium.support.pagefactory.internal.LocatingElementHandler.invoke(LocatingElementHandler.java:38)
	at com.sun.proxy.$Proxy14.sendKeys(Unknown Source)
	at com.crm.ObjectRepository.LoginPage.loginToApp(LoginPage.java:43)
	at com.crm.GenericLibrary.BaseClass.login(BaseClass.java:74)
	at java.util.concurrent.FutureTask.run(FutureTask.java:266)
	at java.util.concurrent.ThreadPoolExecutor.runWorker(ThreadPoolExecutor.java:1149)
	at java.util.concurrent.ThreadPoolExecutor$Worker.run(ThreadPoolExecutor.java:624)
	at java.lang.Thread.run(Thread.java:748)
... Removed 18 stack frames]]>
    </failure>
  </testcase> <!-- @BeforeMethod login -->
  <testcase name="@AfterMethod logout" time="0.0" classname="com.crm.OrganizationTests.CreateOrgTest">
    <skipped/>
  </testcase> <!-- @AfterMethod logout -->
  <testcase name="@BeforeMethod login" time="0.0" classname="com.crm.OrganizationTests.CreateOrgTest">
    <skipped/>
  </testcase> <!-- @BeforeMethod login -->
  <testcase name="@AfterMethod logout" time="0.0" classname="com.crm.OrganizationTests.CreateOrgTest">
    <skipped/>
  </testcase> <!-- @AfterMethod logout -->
  <testcase name="@AfterTest closeBrowser" time="0.0" classname="com.crm.ContactsTest.CreateConTest">
    <skipped/>
  </testcase> <!-- @AfterTest closeBrowser -->
  <testcase name="Samplescript1" time="0.019" classname="com.crm.ContactsTest.CreateConTest"/>
  <testcase name="Samplescript2" time="0.003" classname="com.crm.ContactsTest.CreateConTest"/>
  <testcase name="Samplescript3" time="0.003" classname="com.crm.ContactsTest.CreateConTest"/>
  <testcase name="createConTest" time="17.208" classname="com.crm.ContactsTest.CreateConTest"/>
  <testcase name="createOrgTest" time="0.003" classname="com.crm.OrganizationTests.CreateOrgTest">
    <skipped/>
  </testcase> <!-- createOrgTest -->
  <testcase name="testscript" time="0.002" classname="com.crm.OrganizationTests.CreateOrgTest">
    <skipped/>
  </testcase> <!-- testscript -->
</testsuite> <!-- Test runner 1 -->
