<?xml version="1.0" encoding="UTF-8"?>
<!-- Generated by org.testng.reporters.JUnitXMLReporter -->
<testsuite hostname="DESKTOP-AJ4AGAI" name="Test" tests="2" failures="1" timestamp="4 Mar 2022 06:58:11 GMT" time="22.079" errors="0">
  <testcase name="createOrgTest" time="4.493" classname="com.crm.OrganizationTests.CreateOrgTest">
    <failure type="java.lang.AssertionError" message="null">
      <![CDATA[java.lang.AssertionError: null
	at com.crm.OrganizationTests.CreateOrgTest.createOrgTest(CreateOrgTest.java:36)
... Removed 27 stack frames]]>
    </failure>
  </testcase> <!-- createOrgTest -->
  <testcase name="testscript" time="0.001" classname="com.crm.OrganizationTests.CreateOrgTest"/>
</testsuite> <!-- Test -->
