<?xml version="1.0" encoding="UTF-8"?>
<testng-results skipped="0" failed="1" total="2" passed="1">
  <reporter-output>
    <line>
      <![CDATA[=========db connection successsfull========]]>
    </line>
    <line>
      <![CDATA[=========browser launch successful===========]]>
    </line>
    <line>
      <![CDATA[==========login successful===========]]>
    </line>
    <line>
      <![CDATA[=========logout successful========]]>
    </line>
    <line>
      <![CDATA[==========login successful===========]]>
    </line>
    <line>
      <![CDATA[=========logout successful========]]>
    </line>
    <line>
      <![CDATA[==============browser close successful==========]]>
    </line>
    <line>
      <![CDATA[==========DB close successful=============]]>
    </line>
  </reporter-output>
  <suite name="Default suite" duration-ms="73045" started-at="2022-03-16T11:42:09Z" finished-at="2022-03-16T11:43:22Z">
    <groups>
      <group name="regressionsSuite">
        <method signature="CreateOrgTest.createOrgTest()[pri:0, instance:com.crm.OrganizationTests.CreateOrgTest@1794d431]" name="createOrgTest" class="com.crm.OrganizationTests.CreateOrgTest"/>
      </group> <!-- regressionsSuite -->
      <group name="smokeSuite">
        <method signature="CreateOrgTest.testscript()[pri:0, instance:com.crm.OrganizationTests.CreateOrgTest@1794d431]" name="testscript" class="com.crm.OrganizationTests.CreateOrgTest"/>
      </group> <!-- smokeSuite -->
    </groups>
    <test name="Default test" duration-ms="73045" started-at="2022-03-16T11:42:09Z" finished-at="2022-03-16T11:43:22Z">
      <class name="com.crm.OrganizationTests.CreateOrgTest">
        <test-method status="PASS" signature="connectDataBase()[pri:0, instance:com.crm.OrganizationTests.CreateOrgTest@1794d431]" name="connectDataBase" is-config="true" duration-ms="14" started-at="2022-03-16T17:12:09Z" finished-at="2022-03-16T17:12:09Z">
          <reporter-output>
            <line>
              <![CDATA[=========db connection successsfull========]]>
            </line>
          </reporter-output>
        </test-method> <!-- connectDataBase -->
        <test-method status="PASS" signature="launchBrowser()[pri:0, instance:com.crm.OrganizationTests.CreateOrgTest@1794d431]" name="launchBrowser" is-config="true" duration-ms="23666" started-at="2022-03-16T17:12:09Z" finished-at="2022-03-16T17:12:33Z">
          <reporter-output>
            <line>
              <![CDATA[=========browser launch successful===========]]>
            </line>
          </reporter-output>
        </test-method> <!-- launchBrowser -->
        <test-method status="PASS" signature="login()[pri:0, instance:com.crm.OrganizationTests.CreateOrgTest@1794d431]" name="login" is-config="true" duration-ms="20402" started-at="2022-03-16T17:12:33Z" finished-at="2022-03-16T17:12:53Z">
          <reporter-output>
            <line>
              <![CDATA[==========login successful===========]]>
            </line>
          </reporter-output>
        </test-method> <!-- login -->
        <test-method status="FAIL" signature="createOrgTest()[pri:0, instance:com.crm.OrganizationTests.CreateOrgTest@1794d431]" name="createOrgTest" duration-ms="15790" started-at="2022-03-16T17:12:53Z" finished-at="2022-03-16T17:13:09Z">
          <exception class="java.lang.AssertionError">
            <message>
              <![CDATA[null]]>
            </message>
            <full-stacktrace>
              <![CDATA[java.lang.AssertionError: null
	at org.testng.Assert.fail(Assert.java:94)
	at org.testng.Assert.fail(Assert.java:101)
	at com.crm.OrganizationTests.CreateOrgTest.createOrgTest(CreateOrgTest.java:36)
	at sun.reflect.NativeMethodAccessorImpl.invoke0(Native Method)
	at sun.reflect.NativeMethodAccessorImpl.invoke(NativeMethodAccessorImpl.java:62)
	at sun.reflect.DelegatingMethodAccessorImpl.invoke(DelegatingMethodAccessorImpl.java:43)
	at java.lang.reflect.Method.invoke(Method.java:498)
	at org.testng.internal.MethodInvocationHelper.invokeMethod(MethodInvocationHelper.java:100)
	at org.testng.internal.Invoker.invokeMethod(Invoker.java:646)
	at org.testng.internal.Invoker.invokeTestMethod(Invoker.java:811)
	at org.testng.internal.Invoker.invokeTestMethods(Invoker.java:1129)
	at org.testng.internal.TestMethodWorker.invokeTestMethods(TestMethodWorker.java:129)
	at org.testng.internal.TestMethodWorker.run(TestMethodWorker.java:112)
	at org.testng.TestRunner.privateRun(TestRunner.java:746)
	at org.testng.TestRunner.run(TestRunner.java:600)
	at org.testng.SuiteRunner.runTest(SuiteRunner.java:366)
	at org.testng.SuiteRunner.runSequentially(SuiteRunner.java:361)
	at org.testng.SuiteRunner.privateRun(SuiteRunner.java:319)
	at org.testng.SuiteRunner.run(SuiteRunner.java:268)
	at org.testng.SuiteRunnerWorker.runSuite(SuiteRunnerWorker.java:52)
	at org.testng.SuiteRunnerWorker.run(SuiteRunnerWorker.java:86)
	at org.testng.TestNG.runSuitesSequentially(TestNG.java:1264)
	at org.testng.TestNG.runSuitesLocally(TestNG.java:1189)
	at org.testng.TestNG.runSuites(TestNG.java:1104)
	at org.testng.TestNG.run(TestNG.java:1076)
	at org.testng.remote.AbstractRemoteTestNG.run(AbstractRemoteTestNG.java:126)
	at org.testng.remote.RemoteTestNG.initAndRun(RemoteTestNG.java:152)
	at org.testng.remote.RemoteTestNG.main(RemoteTestNG.java:57)
]]>
            </full-stacktrace>
          </exception> <!-- java.lang.AssertionError -->
          <reporter-output>
          </reporter-output>
        </test-method> <!-- createOrgTest -->
        <test-method status="PASS" signature="logout()[pri:0, instance:com.crm.OrganizationTests.CreateOrgTest@1794d431]" name="logout" is-config="true" duration-ms="3068" started-at="2022-03-16T17:13:10Z" finished-at="2022-03-16T17:13:13Z">
          <reporter-output>
            <line>
              <![CDATA[=========logout successful========]]>
            </line>
          </reporter-output>
        </test-method> <!-- logout -->
        <test-method status="PASS" signature="login()[pri:0, instance:com.crm.OrganizationTests.CreateOrgTest@1794d431]" name="login" is-config="true" duration-ms="3277" started-at="2022-03-16T17:13:13Z" finished-at="2022-03-16T17:13:16Z">
          <reporter-output>
            <line>
              <![CDATA[==========login successful===========]]>
            </line>
          </reporter-output>
        </test-method> <!-- login -->
        <test-method status="PASS" signature="testscript()[pri:0, instance:com.crm.OrganizationTests.CreateOrgTest@1794d431]" name="testscript" duration-ms="2" started-at="2022-03-16T17:13:16Z" finished-at="2022-03-16T17:13:16Z">
          <reporter-output>
          </reporter-output>
        </test-method> <!-- testscript -->
        <test-method status="PASS" signature="logout()[pri:0, instance:com.crm.OrganizationTests.CreateOrgTest@1794d431]" name="logout" is-config="true" duration-ms="5286" started-at="2022-03-16T17:13:16Z" finished-at="2022-03-16T17:13:21Z">
          <reporter-output>
            <line>
              <![CDATA[=========logout successful========]]>
            </line>
          </reporter-output>
        </test-method> <!-- logout -->
        <test-method status="PASS" signature="closeBrowser()[pri:0, instance:com.crm.OrganizationTests.CreateOrgTest@1794d431]" name="closeBrowser" is-config="true" duration-ms="766" started-at="2022-03-16T17:13:21Z" finished-at="2022-03-16T17:13:22Z">
          <reporter-output>
            <line>
              <![CDATA[==============browser close successful==========]]>
            </line>
          </reporter-output>
        </test-method> <!-- closeBrowser -->
        <test-method status="PASS" signature="closeDb()[pri:0, instance:com.crm.OrganizationTests.CreateOrgTest@1794d431]" name="closeDb" is-config="true" duration-ms="0" started-at="2022-03-16T17:13:23Z" finished-at="2022-03-16T17:13:23Z">
          <reporter-output>
            <line>
              <![CDATA[==========DB close successful=============]]>
            </line>
          </reporter-output>
        </test-method> <!-- closeDb -->
      </class> <!-- com.crm.OrganizationTests.CreateOrgTest -->
    </test> <!-- Default test -->
  </suite> <!-- Default suite -->
</testng-results>
